"openclaw/.git/config"
config
Ok(
    FileType {
        is_file: true,
        is_dir: false,
        is_symlink: false,
        ..
    },
)
false
Ok(
    Metadata {
        file_type: FileType {
            is_file: true,
            is_dir: false,
            is_symlink: false,
            ..
        },
        permissions: Permissions(
            FilePermissions {
                mode: 0o100644 (-rw-r--r--),
            },
        ),
        len: 302,
        modified: SystemTime {
            tv_sec: 1771438293,
            tv_nsec: 627091255,
        },
        accessed: SystemTime {
            tv_sec: 1771438293,
            tv_nsec: 627602962,
        },
        created: SystemTime {
            tv_sec: 1771438293,
            tv_nsec: 627029963,
        },
        ..
    },
)


"openclaw/.git/objects"
objects
Ok(
    FileType {
        is_file: false,
        is_dir: true,
        is_symlink: false,
        ..
    },
)
true
Ok(
    Metadata {
        file_type: FileType {
            is_file: false,
            is_dir: true,
            is_symlink: false,
            ..
        },
        permissions: Permissions(
            FilePermissions {
                mode: 0o040755 (drwxr-xr-x),
            },
        ),
        len: 128,
        modified: SystemTime {
            tv_sec: 1771438265,
            tv_nsec: 181139028,
        },
        accessed: SystemTime {
            tv_sec: 1771438297,
            tv_nsec: 849768707,
        },
        created: SystemTime {
            tv_sec: 1771438265,
            tv_nsec: 181017194,
        },
        ..
    },
)


"openclaw/.git/HEAD"
HEAD
Ok(
    FileType {
        is_file: true,
        is_dir: false,
        is_symlink: false,
        ..
    },
)
false
Ok(
    Metadata {
        file_type: FileType {
            is_file: true,
            is_dir: false,
            is_symlink: false,
            ..
        },
        permissions: Permissions(
            FilePermissions {
                mode: 0o100644 (-rw-r--r--),
            },
        ),
        len: 21,
        modified: SystemTime {
            tv_sec: 1771438293,
            tv_nsec: 628492586,
        },
        accessed: SystemTime {
            tv_sec: 1771438293,
            tv_nsec: 629006419,
        },
        created: SystemTime {
            tv_sec: 1771438293,
            tv_nsec: 628203795,
        },
        ..
    },
)


"openclaw/.git/info"
info
Ok(
    FileType {
        is_file: false,
        is_dir: true,
        is_symlink: false,
        ..
    },
)
true
Ok(
    Metadata {
        file_type: FileType {
            is_file: false,
            is_dir: true,
            is_symlink: false,
            ..
        },
        permissions: Permissions(
            FilePermissions {
                mode: 0o040755 (drwxr-xr-x),
            },
        ),
        len: 96,
        modified: SystemTime {
            tv_sec: 1771438265,
            tv_nsec: 181764402,
        },
        accessed: SystemTime {
            tv_sec: 1771438299,
            tv_nsec: 981034450,
        },
        created: SystemTime {
            tv_sec: 1771438265,
            tv_nsec: 181401777,
        },
        ..
    },
)


"openclaw/.git/logs"
logs
Ok(
    FileType {
        is_file: false,
        is_dir: true,
        is_symlink: false,
        ..
    },
)
true
Ok(
    Metadata {
        file_type: FileType {
            is_file: false,
            is_dir: true,
            is_symlink: false,
            ..
        },
        permissions: Permissions(
            FilePermissions {
                mode: 0o040755 (drwxr-xr-x),
            },
        ),
        len: 128,
        modified: SystemTime {
            tv_sec: 1771438293,
            tv_nsec: 628428628,
        },
        accessed: SystemTime {
            tv_sec: 1771438299,
            tv_nsec: 981139950,
        },
        created: SystemTime {
            tv_sec: 1771438293,
            tv_nsec: 373950197,
        },
        ..
    },
)


"openclaw/.git/description"
description
Ok(
    FileType {
        is_file: true,
        is_dir: false,
        is_symlink: false,
        ..
    },
)
false
Ok(
    Metadata {
        file_type: FileType {
            is_file: true,
            is_dir: false,
            is_symlink: false,
            ..
        },
        permissions: Permissions(
            FilePermissions {
                mode: 0o100644 (-rw-r--r--),
            },
        ),
        len: 73,
        modified: SystemTime {
            tv_sec: 1771438265,
            tv_nsec: 181558777,
        },
        accessed: SystemTime {
            tv_sec: 1771438265,
            tv_nsec: 181457444,
        },
        created: SystemTime {
            tv_sec: 1771438265,
            tv_nsec: 181457444,
        },
        ..
    },
)


"openclaw/.git/hooks"
hooks
Ok(
    FileType {
        is_file: false,
        is_dir: true,
        is_symlink: false,
        ..
    },
)
true
Ok(
    Metadata {
        file_type: FileType {
            is_file: false,
            is_dir: true,
            is_symlink: false,
            ..
        },
        permissions: Permissions(
            FilePermissions {
                mode: 0o040755 (drwxr-xr-x),
            },
        ),
        len: 96,
        modified: SystemTime {
            tv_sec: 1771438265,
            tv_nsec: 181667527,
        },
        accessed: SystemTime {
            tv_sec: 1771438299,
            tv_nsec: 981245283,
        },
        created: SystemTime {
            tv_sec: 1771438265,
            tv_nsec: 181355027,
        },
        ..
    },
)


"openclaw/.git/refs"
refs
Ok(
    FileType {
        is_file: false,
        is_dir: true,
        is_symlink: false,
        ..
    },
)
true
Ok(
    Metadata {
        file_type: FileType {
            is_file: false,
            is_dir: true,
            is_symlink: false,
            ..
        },
        permissions: Permissions(
            FilePermissions {
                mode: 0o040755 (drwxr-xr-x),
            },
        ),
        len: 160,
        modified: SystemTime {
            tv_sec: 1771438293,
            tv_nsec: 373759156,
        },
        accessed: SystemTime {
            tv_sec: 1771438297,
            tv_nsec: 849771957,
        },
        created: SystemTime {
            tv_sec: 1771438265,
            tv_nsec: 181189569,
        },
        ..
    },
)


"openclaw/.git/index"
index
Ok(
    FileType {
        is_file: true,
        is_dir: false,
        is_symlink: false,
        ..
    },
)
false
Ok(
    Metadata {
        file_type: FileType {
            is_file: true,
            is_dir: false,
            is_symlink: false,
            ..
        },
        permissions: Permissions(
            FilePermissions {
                mode: 0o100644 (-rw-r--r--),
            },
        ),
        len: 621712,
        modified: SystemTime {
            tv_sec: 1771438295,
            tv_nsec: 155298296,
        },
        accessed: SystemTime {
            tv_sec: 1771438295,
            tv_nsec: 147506889,
        },
        created: SystemTime {
            tv_sec: 1771438295,
            tv_nsec: 147506889,
        },
        ..
    },
)


"openclaw/.git/FETCH_HEAD"
FETCH_HEAD
Ok(
    FileType {
        is_file: true,
        is_dir: false,
        is_symlink: false,
        ..
    },
)
false
Ok(
    Metadata {
        file_type: FileType {
            is_file: true,
            is_dir: false,
            is_symlink: false,
            ..
        },
        permissions: Permissions(
            FilePermissions {
                mode: 0o100644 (-rw-r--r--),
            },
        ),
        len: 0,
        modified: SystemTime {
            tv_sec: 1771438293,
            tv_nsec: 343843360,
        },
        accessed: SystemTime {
            tv_sec: 1771438293,
            tv_nsec: 343843360,
        },
        created: SystemTime {
            tv_sec: 1771438293,
            tv_nsec: 343843360,
        },
        ..
    },
)


