1:	origin/bindings/libgit2sharp/022_1
2:	origin/brianmario/attr-from-tree
3:	origin/brianmario/revwalk-filter
4:	origin/brianmario/trailer-info
5:	origin/brianmario/trailer-list
6:	origin/cmn/atexit-skeleton
7:	origin/cmn/backport-diff-header
8:	origin/cmn/cancellation
9:	origin/cmn/commit-on
10:	origin/cmn/ctest-jobs
11:	origin/cmn/delta-base-eviction
12:	origin/cmn/diff-binary-patch
13:	origin/cmn/dynamic-libssh2
14:	origin/cmn/example-pull
15:	origin/cmn/forbid-mutiurl
16:	origin/cmn/init-ssh
17:	origin/cmn/io-stream-backends
18:	origin/cmn/leaks
19:	origin/cmn/parallel-clar
20:	origin/cmn/pcre2
21:	origin/cmn/read-only-size
22:	origin/cmn/remote-options
23:	origin/cmn/repo-v1
24:	origin/cmn/reset-dont-free-url
25:	origin/cmn/server
26:	origin/cmn/sortedcache-close
27:	origin/cmn/tmp
28:	origin/cmn/tree-parser-sort-input
29:	origin/cmn/warnings
30:	origin/csware/system_proxy
31:	origin/diff-fails-with-cpp-file
32:	origin/enterprise/backport-2.6-4136-4178
33:	origin/enterprise/backport-2.7-4136-4178
34:	origin/enterprise/backport-2.8-4136-4178
35:	origin/enterprise/backport-2.9-4136-4178
36:	origin/ethomson/027
37:	origin/ethomson/add_cmd
38:	origin/ethomson/benchmark-index_pack
39:	origin/ethomson/benchmarks
40:	origin/ethomson/benchmarks_move
41:	origin/ethomson/blame
42:	origin/ethomson/blame-refactor
43:	origin/ethomson/checkout_conflict_respect_index
44:	origin/ethomson/ci_simplification
45:	origin/ethomson/clar
46:	origin/ethomson/clar_move
47:	origin/ethomson/clar_sandbox
48:	origin/ethomson/cmake_no_globs
49:	origin/ethomson/cygwin
50:	origin/ethomson/delete_branche
51:	origin/ethomson/diff_merge
52:	origin/ethomson/diff_regexp_ignore
53:	origin/ethomson/diffrenames
54:	origin/ethomson/docs
55:	origin/ethomson/exec
56:	origin/ethomson/external_sha1dc
57:	origin/ethomson/http_content_type
58:	origin/ethomson/http_refactor
59:	origin/ethomson/http_refactor_2
60:	origin/ethomson/index-250mb-bench
61:	origin/ethomson/index-bench
62:	origin/ethomson/indexer
63:	origin/ethomson/indexer-3
64:	origin/ethomson/indexer-4
65:	origin/ethomson/indexer-baseline
66:	origin/ethomson/keepalive
67:	origin/ethomson/lfs
68:	origin/ethomson/libgit2-bench
69:	origin/ethomson/licenses
70:	origin/ethomson/nogcc
71:	origin/ethomson/notification
72:	origin/ethomson/object_id
73:	origin/ethomson/oidbench
74:	origin/ethomson/oidfaster
75:	origin/ethomson/openssl
76:	origin/ethomson/package_targets
77:	origin/ethomson/path_validation
78:	origin/ethomson/reftable
79:	origin/ethomson/safe_perf
80:	origin/ethomson/smartrefactor
81:	origin/ethomson/ssh
82:	origin/ethomson/ssh_clone_cli
83:	origin/ethomson/ssh_exec
84:	origin/ethomson/ssh_exec_updates
85:	origin/ethomson/stream_refactor
86:	origin/ethomson/test_urls_with_spaces
87:	origin/ethomson/transport_register_docs
88:	origin/ethomson/v1.8.2
89:	origin/ethomson/v1.9.1
90:	origin/ethomson/warnings
91:	origin/ethomson/warnings-2
92:	origin/gh-pages
93:	origin/HEAD
94:	origin/jss/fix-ignore-pop
95:	origin/main
96:	origin/maint/v0.21
97:	origin/maint/v0.22
98:	origin/maint/v0.23
99:	origin/maint/v0.24
100:	origin/maint/v0.25
101:	origin/maint/v0.26
102:	origin/maint/v0.27
103:	origin/maint/v0.28
104:	origin/maint/v0.99
105:	origin/maint/v1.0
106:	origin/maint/v1.1
107:	origin/maint/v1.2
108:	origin/maint/v1.3
109:	origin/maint/v1.4
110:	origin/maint/v1.5
111:	origin/maint/v1.6
112:	origin/maint/v1.7
113:	origin/maint/v1.8
114:	origin/maint/v1.9
115:	origin/pks-cmake-targets
116:	origin/precompose-test
117:	origin/rb/commit-modified-file
118:	origin/rb/object-parse-flexibility
119:	origin/rb/test-builtin-drivers
120:	origin/rb/warnings-for-commit-headers
121:	origin/vmg/read-types
122:	origin/vmg/repo-format-1
