━━━━━━━━━━━━━━━━━━━━━━━━━━━━━━━━━━━━━━━━━━━━━━━━━━━━━━━━━━━━━━━━━━━━━━━━━━━━━━━━━
 Language              Files        Lines         Code     Comments       Blanks
━━━━━━━━━━━━━━━━━━━━━━━━━━━━━━━━━━━━━━━━━━━━━━━━━━━━━━━━━━━━━━━━━━━━━━━━━━━━━━━━━
 Autoconf                  5          250          209            2           39
 Batch                     4           72           37           19           16
 C                        32        46140        36227         1932         7981
 C Header                187       153243       110332        22193        20718
 CMake                    84         5815         4600          394          821
 C++                     382       295108       234534        17487        43087
 C++ Header               47        35691        25740         5357         4594
 CSS                      10         2993         2064          346          583
 CUDA                    162        19744        15911          712         3121
 GLSL                    176        17722        14077          535         3110
 INI                       2           11           11            0            0
 JavaScript               14         3369         2505          471          393
 Jinja2                   41         4445         4102          125          218
 JSON                     15        13187        13173            0           14
 Kotlin                   15         1814         1286          325          203
 Makefile                  4          285          201           18           66
 MDX                       1           44            0           29           15
 Metal Shading Lan|        1         9819         7404          409         2006
 Nix                       1          180           72           93           15
 Objective-C               2         2451         1769          152          530
 OpenCL                   89        14086        11982            0         2104
 PowerShell                4          254          164           29           61
 Prolog                    3           58           48            0           10
 Python                   97        46305        36223         2809         7273
 Sass                      1           13            5            6            2
 Shell                    61         7384         5573          714         1097
 SVG                       6         1445         1434            4            7
 Swift                     9         1276         1017           40          219
 Templ                     2         1026          979            1           46
 Plain Text               22          719            0          708           11
 TOML                      3          142          110            9           23
 TypeScript              160        16704        10810         4072         1822
 Vim Script                1          783          649           72           62
 WebGPU Shader Lan|       22         4761         4007          148          606
 XML                      18          436          390           26           20
 YAML                      2          175          132           12           31
─────────────────────────────────────────────────────────────────────────────────
 HTML                     10        35301        25618            0         9683
 |- CSS                    4          675          573            1          101
 |- JavaScript             5         3866         3308          153          405
 (Total)                            39842        29499          154        10189
─────────────────────────────────────────────────────────────────────────────────
 Markdown                111        15063            0        11135         3928
 |- BASH                  47         1038          802          124          112
 |- C++                    1           15           12            2            1
 |- HTML                   1           19           17            0            2
 |- INI                    2           61           42           14            5
 |- JavaScript             1           10            9            1            0
 |- JSON                   8          593          593            0            0
 |- PowerShell             6           73           67            0            6
 |- Python                 5          133          104            7           22
 |- Shell                  7          241          226            4           11
 |- SQL                    1           38           37            0            1
 |- Swift                  1           20           16            2            2
 |- TypeScript             1           57           41           11            5
 (Total)                            17361         1966        11300         4095
─────────────────────────────────────────────────────────────────────────────────
 Svelte                  190         6151         5503           34          614
 |- CSS                    8          718          596           27           95
 |- JavaScript           190         7371         6001          298         1072
 |- PostCSS                1           37           34            0            3
 (Total)                            14277        12134          359         1784
━━━━━━━━━━━━━━━━━━━━━━━━━━━━━━━━━━━━━━━━━━━━━━━━━━━━━━━━━━━━━━━━━━━━━━━━━━━━━━━━━
 Total                  1996       779430       591376        71062       116992
━━━━━━━━━━━━━━━━━━━━━━━━━━━━━━━━━━━━━━━━━━━━━━━━━━━━━━━━━━━━━━━━━━━━━━━━━━━━━━━━━
