━━━━━━━━━━━━━━━━━━━━━━━━━━━━━━━━━━━━━━━━━━━━━━━━━━━━━━━━━━━━━━━━━━━━━━━━━━━━━━━━━
 Language              Files        Lines         Code     Comments       Blanks
━━━━━━━━━━━━━━━━━━━━━━━━━━━━━━━━━━━━━━━━━━━━━━━━━━━━━━━━━━━━━━━━━━━━━━━━━━━━━━━━━
 Autoconf                  1           26           19            3            4
 BASH                      6         1431         1168           32          231
 Batch                     1           92           71            0           21
 CSS                      14         7286         5935          262         1089
 Dockerfile                6          177          127           15           35
 Go                       14         1840         1654            1          185
 JavaScript               22         4668         3979          256          433
 JSON                     86         5310         5304            0            6
 Kotlin                   80        12329        10883          146         1300
 MDX                       6          646            0          448          198
 Prolog                    1           28           23            0            5
 Python                    8         1516         1247           50          219
 Shell                    53         6852         5690          424          738
 SVG                       7          178          156            9           13
 Swift                   501        86628        76851          811         8966
 Plain Text                2          223            0          186           37
 TOML                      2           73           41           18           14
 TypeScript             4087       725209       643619        17260        64330
 Xcode Config              2           35           19            9            7
 XML                      11          431          427            2            2
 YAML                      5          332          312            7           13
─────────────────────────────────────────────────────────────────────────────────
 HTML                      5          191          181            3            7
 |- CSS                    4          467          467            0            0
 |- JavaScript             3          177          166            0           11
 |- JSON                   1            1            1            0            0
 (Total)                              836          815            3           18
─────────────────────────────────────────────────────────────────────────────────
 Markdown                765       129937            0        94692        35245
 |- BASH                 438         6339         5158          744          437
 |- Dockerfile             6          186          110           20           56
 |- INI                    2           24           18            2            4
 |- JavaScript             3           52           39            8            5
 |- JSON                 109         3250         3250            0            0
 |- Markdown              17          365            0          276           89
 |- PowerShell            15           97           83            7            7
 |- SQL                    2          397          297           63           37
 |- Swift                  1           10            9            1            0
 |- TOML                   5          182          155            5           22
 |- TypeScript             8          596          502           46           48
 |- XML                    4           67           63            0            4
 |- YAML                  25          363          344           15            4
 (Total)                           141865        10028        95879        35958
━━━━━━━━━━━━━━━━━━━━━━━━━━━━━━━━━━━━━━━━━━━━━━━━━━━━━━━━━━━━━━━━━━━━━━━━━━━━━━━━━
 Total                  5685       998011       768368       115821       113822
━━━━━━━━━━━━━━━━━━━━━━━━━━━━━━━━━━━━━━━━━━━━━━━━━━━━━━━━━━━━━━━━━━━━━━━━━━━━━━━━━
